"../../../../TowerDefense/Content/Maps/Interfaz/UI/2780744.uasset" 0
"../../../../TowerDefense/Content/Maps/Interfaz/UI/cerrar.uasset" 1
"../../../../TowerDefense/Content/Maps/Interfaz/UI/Credits.uasset" 2
"../../../../TowerDefense/Content/Maps/Interfaz/UI/Options.uasset" 3
"../../../Engine/Content/EditorBlueprintResources/StandardMacros.uasset" 4
"../../../../TowerDefense/Content/GameSaveData.uasset" 5
"../../../../TowerDefense/Content/SaveGameObject.uasset" 6
"../../../../TowerDefense/Content/MyGameInstance.uasset" 7
"../../../../TowerDefense/Content/Maps/Interfaz/UI/SaveSlot.uasset" 8
"../../../../TowerDefense/Content/Maps/Interfaz/UI/Play.uasset" 9
"../../../../TowerDefense/Content/Maps/Interfaz/UI/MainMenu.uasset" 10
"../../../../TowerDefense/Content/Maps/Interfaz/UI/map_mode.uasset" 11
"../../../../TowerDefense/Content/Maps/Interfaz/UI/ResearchMode.uasset" 12
"../../../../TowerDefense/Content/Maps/Interfaz/UI/MapMenu.uasset" 13
"../../../Engine/Content/Functions/Engine_MaterialFunctions01/Opacity/CameraDepthFade.uasset" 14
"../../../Engine/Content/EngineMaterials/T_Default_Material_Grid_M.uasset" 15
"../../../Engine/Content/EngineMaterials/T_Default_Material_Grid_N.uasset" 16
"../../../Engine/Content/EngineMaterials/WorldGridMaterial.uasset" 17
"../../../Engine/Content/ArtTools/RenderToTexture/Meshes/S_1_Unit_Plane.uasset" 18
"../../../Engine/Content/EngineMaterials/DefaultMaterial.uasset" 19
"../../../Engine/Content/BasicShapes/Cone.uasset" 20
"../../../Engine/Content/BasicShapes/Cube.uasset" 21
"../../../Engine/Content/EngineMaterials/DefaultPhysicalMaterial.uasset" 22
"../../../Engine/Content/BufferVisualization/AmbientOcclusion.uasset" 23
"../../../Engine/Content/BufferVisualization/BaseColor.uasset" 24
"../../../Engine/Content/BufferVisualization/CustomDepth.uasset" 25
"../../../Engine/Content/Functions/Engine_MaterialFunctions02/Utility/VectorLength.uasset" 26
"../../../Engine/Content/BufferVisualization/CustomDepthWorldUnits.uasset" 27
"../../../Engine/Content/Functions/Engine_MaterialFunctions02/Utility/BreakOutFloat2Components.uasset" 28
"../../../Engine/Content/Functions/Engine_MaterialFunctions01/Texturing/ScaleUVsByCenter.uasset" 29
"../../../Engine/Content/Functions/Engine_MaterialFunctions02/ScreenResolution.uasset" 30
"../../../Engine/Content/Functions/Engine_MaterialFunctions02/Texturing/ScreenAlignedUVs.uasset" 31
"../../../Engine/Content/Functions/Engine_MaterialFunctions02/Utility/MakeFloat2.uasset" 32
"../../../Engine/Content/Functions/Engine_MaterialFunctions02/Utility/MakeFloat3.uasset" 33
"../../../Engine/Content/EngineMaterials/MiniFont.uasset" 34
"../../../Engine/Content/BufferVisualization/CustomStencil.uasset" 35
"../../../Engine/Content/BufferVisualization/FinalImage.uasset" 36
"../../../Engine/Content/BufferVisualization/LightingModel.uasset" 37
"../../../Engine/Content/BufferVisualization/MaterialAO.uasset" 38
"../../../Engine/Content/BufferVisualization/Metallic.uasset" 39
"../../../Engine/Content/BufferVisualization/Opacity.uasset" 40
"../../../Engine/Content/BufferVisualization/PostTonemapHDRColor.uasset" 41
"../../../Engine/Content/BufferVisualization/PreTonemapHDRColor.uasset" 42
"../../../Engine/Content/BufferVisualization/Roughness.uasset" 43
"../../../Engine/Content/BufferVisualization/SceneColor.uasset" 44
"../../../Engine/Content/BufferVisualization/SceneDepth.uasset" 45
"../../../Engine/Content/BufferVisualization/SceneDepthWorldUnits.uasset" 46
"../../../Engine/Content/BufferVisualization/SeparateTranslucencyA.uasset" 47
"../../../Engine/Content/BufferVisualization/SeparateTranslucencyRGB.uasset" 48
"../../../Engine/Content/BufferVisualization/Specular.uasset" 49
"../../../Engine/Content/BufferVisualization/SubsurfaceColor.uasset" 50
"../../../Engine/Content/BufferVisualization/Velocity.uasset" 51
"../../../Engine/Content/BufferVisualization/WorldNormal.uasset" 52
"../../../Engine/Content/EditorBlueprintResources/ActorMacros.uasset" 53
"../../../Engine/Content/EditorLandscapeResources/DataLayer.uasset" 54
"../../../Engine/Content/EditorLandscapeResources/DefaultAlphaTexture.uasset" 55
"../../../Engine/Content/EditorLandscapeResources/LandscapeGizmoHeight_Mat.uasset" 56
"../../../Engine/Content/EditorLandscapeResources/LandscapeGizmo_Mat.uasset" 57
"../../../Engine/Content/EditorLandscapeResources/LandscapeGizmo_Mat_Copied.uasset" 58
"../../../Engine/Content/EditorLandscapeResources/SplineEditorMeshMat.uasset" 59
"../../../Engine/Content/EditorLandscapeResources/SplineEditorMesh.uasset" 60
"../../../Engine/Content/EditorMaterials/Cross.uasset" 61
"../../../Engine/Content/EditorMaterials/Cross_Mat.uasset" 62
"../../../Engine/Content/EngineMaterials/DefaultDiffuse.uasset" 63
"../../../Engine/Content/Functions/Engine_MaterialFunctions01/Texturing/TextureCropping.uasset" 64
"../../../Engine/Content/Functions/Engine_MaterialFunctions01/Texturing/ComputeMipLevel.uasset" 65
"../../../Engine/Content/Functions/Engine_MaterialFunctions02/ExampleContent/DebugNumberStrip.uasset" 66
"../../../Engine/Content/Functions/Engine_MaterialFunctions02/ExampleContent/Textures/DebugNumberPeriod.uasset" 67
"../../../Engine/Content/Functions/Engine_MaterialFunctions02/Utility/DebugScalarValues.uasset" 68
"../../../Engine/Content/Functions/Engine_MaterialFunctions02/Utility/DebugFloat2Values.uasset" 69
"../../../Engine/Content/Functions/Engine_MaterialFunctions02/ExampleContent/Textures/flipbook.uasset" 70
"../../../Engine/Content/Functions/Engine_MaterialFunctions02/Texturing/FlipBook.uasset" 71
"../../../Engine/Content/Functions/Engine_MaterialFunctions02/Utility/Sign.uasset" 72
"../../../Engine/Content/Functions/Engine_MaterialFunctions02/Utility/Round.uasset" 73
"../../../Engine/Content/EditorResources/T_EditorHelp.uasset" 74
"../../../Engine/Content/EditorMaterials/HelpActorMaterial.uasset" 75
"../../../Engine/Content/EditorMaterials/CompositeARGBLayer.uasset" 76
"../../../Engine/Content/EditorMaterials/TilingAALineIntegral.uasset" 77
"../../../Engine/Content/EditorMaterials/TilingAALineBoxFiltered.uasset" 78
"../../../Engine/Content/Functions/Engine_MaterialFunctions03/Procedurals/ComputeFilterWidth.uasset" 79
"../../../Engine/Content/EditorMaterials/TilingAADots.uasset" 80
"../../../Engine/Content/EngineMaterials/BlendFunc_DefBase.uasset" 81
"../../../Engine/Content/EngineMaterials/BlendFunc_DefBlend.uasset" 82
"../../../Engine/Content/Functions/Engine_MaterialFunctions03/Blends/Blend_Screen.uasset" 83
"../../../Engine/Content/EditorMaterials/TilingAAGrid.uasset" 84
"../../../Engine/Content/EditorMaterials/LevelGridMaterial.uasset" 85
"../../../Engine/Content/EditorMaterials/MakeCompositeARGBLayer.uasset" 86
"../../../Engine/Content/EditorResources/LevelGrid1DStripes.uasset" 87
"../../../Engine/Content/EditorMaterials/TextureGridCascaded1D.uasset" 88
"../../../Engine/Content/EditorMaterials/TextureGridCascaded2D.uasset" 89
"../../../Engine/Content/EditorMaterials/LevelGridMaterial2.uasset" 90
"../../../Engine/Content/EditorMaterials/MAT_Groups_Toggle.uasset" 91
"../../../Engine/Content/EditorMaterials/MAT_Groups_Visibility.uasset" 92
"../../../Engine/Content/EditorMaterials/AntialiasedGridFloor.uasset" 93
"../../../Engine/Content/EditorResources/TilePatine_D.uasset" 94
"../../../Engine/Content/EditorResources/TilePatine_N.uasset" 95
"../../../Engine/Content/EngineMaterials/Grid.uasset" 96
"../../../Engine/Content/EditorMaterials/PersonaFloorMat.uasset" 97
"../../../Engine/Content/EditorMaterials/PhAT_BoneSelectedMaterial.uasset" 98
"../../../Engine/Content/EditorMaterials/PhAT_ElemSelectedMaterial.uasset" 99
"../../../Engine/Content/EditorMaterials/PhAT_NoCollisionMaterial.uasset" 100
"../../../Engine/Content/EditorMaterials/PhAT_UnselectedMaterial.uasset" 101
"../../../Engine/Content/EditorMaterials/PreviewShadowIndicator.uasset" 102
"../../../Engine/Content/EditorMaterials/PreviewShadowIndicatorMaterial.uasset" 103
"../../../Engine/Content/EditorMaterials/TargetIcon.uasset" 104
"../../../Engine/Content/EditorMaterials/Tick.uasset" 105
"../../../Engine/Content/EditorMaterials/Tick_Mat.uasset" 106
"../../../Engine/Content/EditorMaterials/WidgetGridVertexColorMaterial.uasset" 107
"../../../Engine/Content/EditorMaterials/WidgetGridVertexColorMaterial_Ma.uasset" 108
"../../../Engine/Content/EditorMaterials/WidgetMaterial.uasset" 109
"../../../Engine/Content/EditorMaterials/WidgetMaterial_Current.uasset" 110
"../../../Engine/Content/EditorMaterials/WidgetMaterial_X.uasset" 111
"../../../Engine/Content/EditorMaterials/WidgetMaterial_Y.uasset" 112
"../../../Engine/Content/EditorMaterials/WidgetMaterial_Z.uasset" 113
"../../../Engine/Content/EditorMaterials/WidgetVertexColorMaterial.uasset" 114
"../../../Engine/Content/EditorMaterials/MatineeGroups/MAT_ColorTrack.uasset" 115
"../../../Engine/Content/EditorMaterials/MatineeGroups/MAT_Groups_Anim.uasset" 116
"../../../Engine/Content/EditorMaterials/MatineeGroups/MAT_Groups_AudioMaster.uasset" 117
"../../../Engine/Content/EditorMaterials/MatineeGroups/MAT_Groups_Director.uasset" 118
"../../../Engine/Content/EditorMaterials/MatineeGroups/MAT_Groups_Event.uasset" 119
"../../../Engine/Content/EditorMaterials/MatineeGroups/MAT_Groups_Fade.uasset" 120
"../../../Engine/Content/EditorMaterials/MatineeGroups/MAT_Groups_Float.uasset" 121
"../../../Engine/Content/EditorMaterials/MatineeGroups/MAT_Groups_Move.uasset" 122
"../../../Engine/Content/EditorMaterials/MatineeGroups/MAT_Groups_Slomo.uasset" 123
"../../../Engine/Content/EditorMaterials/MatineeGroups/MAT_Groups_Sound.uasset" 124
"../../../Engine/Content/EditorMaterials/MatineeGroups/MAT_Groups_Vector.uasset" 125
"../../../Engine/Content/EditorMaterials/ParticleSystems/PSysThumbnail_NoImage.uasset" 126
"../../../Engine/Content/EditorMaterials/ParticleSystems/PSysThumbnail_OOD.uasset" 127
"../../../Engine/Content/EditorMaterials/Thumbnails/FloorPlaneMaterial.uasset" 128
"../../../Engine/Content/EditorMeshes/EditorCube.uasset" 129
"../../../Engine/Content/EditorMeshes/EditorCylinder.uasset" 130
"../../../Engine/Content/EditorMeshes/EditorPlane.uasset" 131
"../../../Engine/Content/EditorMaterials/Thumbnails/SkySphereMaterial.uasset" 132
"../../../Engine/Content/EditorMeshes/EditorSkySphere.uasset" 133
"../../../Engine/Content/EditorMeshes/EditorSphere.uasset" 134
"../../../Engine/Content/EditorResources/MatineeCam_D.uasset" 135
"../../../Engine/Content/EditorMaterials/MatineeCam_mat.uasset" 136
"../../../Engine/Content/EditorMeshes/MatineeCam_SM.uasset" 137
"../../../Engine/Content/Functions/Engine_MaterialFunctions01/Shading/ConvertFromDiffSpec.uasset" 138
"../../../Engine/Content/EditorMaterials/GridMaterial.uasset" 139
"../../../Engine/Content/EditorMeshes/PhAT_FloorBox.uasset" 140
"../../../Engine/Content/EditorMeshes/PlanarReflectionPlane.uasset" 141
"../../../Engine/Content/EditorMaterials/Camera/CineMat.uasset" 142
"../../../Engine/Content/EditorMaterials/Camera/MI_CineMat_CameraBody.uasset" 143
"../../../Engine/Content/EngineDebugMaterials/M_SimpleOpaque.uasset" 144
"../../../Engine/Content/EditorMaterials/Camera/MI_CineMat_CamViewFinder.uasset" 145
"../../../Engine/Content/EditorMeshes/Camera/SM_CineCam.uasset" 146
"../../../Engine/Content/EditorMaterials/Camera/MI_CineMat_Rig.uasset" 147
"../../../Engine/Content/EditorMeshes/Camera/SM_CraneRig_Arm.uasset" 148
"../../../Engine/Content/EditorMeshes/Camera/SM_CraneRig_Base.uasset" 149
"../../../Engine/Content/EditorMeshes/Camera/SM_CraneRig_Body.uasset" 150
"../../../Engine/Content/EditorMeshes/Camera/SM_CraneRig_Mount.uasset" 151
"../../../Engine/Content/EditorMeshes/Camera/SM_RailRig_Mount.uasset" 152
"../../../Engine/Content/EditorMeshes/Camera/SM_RailRig_Track.uasset" 153
"../../../Engine/Content/EditorMeshes/ColorCalibrator/M_ChromeBall.uasset" 154
"../../../Engine/Content/EditorResources/Bad.uasset" 155
"../../../Engine/Content/EditorResources/BadBlueprintSprite.uasset" 156
"../../../Engine/Content/EditorResources/BSPVertex.uasset" 157
"../../../Engine/Content/EditorResources/EmptyActor.uasset" 158
"../../../Engine/Content/EditorResources/MatInstActSprite.uasset" 159
"../../../Engine/Content/EditorResources/SceneManager.uasset" 160
"../../../Engine/Content/EditorResources/SmallFont.uasset" 161
"../../../Engine/Content/EditorResources/S_Actor.uasset" 162
"../../../Engine/Content/EditorResources/S_DecalActorIcon.uasset" 163
"../../../Engine/Content/EditorResources/S_Emitter.uasset" 164
"../../../Engine/Content/EditorResources/S_ExpoHeightFog.uasset" 165
"../../../Engine/Content/EditorResources/S_FTest.uasset" 166
"../../../Engine/Content/EditorResources/S_KBSJoint.uasset" 167
"../../../Engine/Content/EditorResources/S_KHinge.uasset" 168
"../../../Engine/Content/EditorResources/S_KPrismatic.uasset" 169
"../../../Engine/Content/EditorResources/S_LevelSequence.uasset" 170
"../../../Engine/Content/EditorResources/S_NavP.uasset" 171
"../../../Engine/Content/EditorResources/S_Note.uasset" 172
"../../../Engine/Content/EditorResources/S_Player.uasset" 173
"../../../Engine/Content/EditorResources/S_PortalActorIcon2.uasset" 174
"../../../Engine/Content/EditorResources/S_RadForce.uasset" 175
"../../../Engine/Content/EditorResources/S_ReflActorIcon.uasset" 176
"../../../Engine/Content/EditorResources/S_SkyAtmosphere.uasset" 177
"../../../Engine/Content/EditorResources/S_Solver.uasset" 178
"../../../Engine/Content/EditorResources/S_Terrain.uasset" 179
"../../../Engine/Content/EditorResources/S_TextRenderActorIcon.uasset" 180
"../../../Engine/Content/EditorResources/S_Thruster.uasset" 181
"../../../Engine/Content/EditorResources/S_Trigger.uasset" 182
"../../../Engine/Content/EditorResources/S_VectorFieldVol.uasset" 183
"../../../Engine/Content/EditorResources/S_WindDirectional.uasset" 184
"../../../Engine/Content/EditorResources/AI/S_NavLink.uasset" 185
"../../../Engine/Content/EditorResources/LightIcons/SkyLight.uasset" 186
"../../../Engine/Content/EditorResources/LightIcons/S_LightDirectional.uasset" 187
"../../../Engine/Content/EditorResources/LightIcons/S_LightDirectionalMove.uasset" 188
"../../../Engine/Content/EditorResources/LightIcons/S_LightError.uasset" 189
"../../../Engine/Content/EditorResources/LightIcons/S_LightPoint.uasset" 190
"../../../Engine/Content/EditorResources/LightIcons/S_LightPointMove.uasset" 191
"../../../Engine/Content/EditorResources/LightIcons/S_LightSpot.uasset" 192
"../../../Engine/Content/EditorResources/LightIcons/S_LightSpotMove.uasset" 193
"../../../Engine/Content/EditorResources/SequenceRecorder/Countdown.uasset" 194
"../../../Engine/Content/EditorResources/SequenceRecorder/RecordingIndicator.uasset" 195
"../../../Engine/Content/EditorResources/Spline/T_Loft_Spline.uasset" 196
"../../../Engine/Content/EditorSounds/Notifications/CompileFailed.uasset" 197
"../../../Engine/Content/EditorSounds/Notifications/CompileFailed_Cue.uasset" 198
"../../../Engine/Content/EditorSounds/Notifications/CompileSuccess.uasset" 199
"../../../Engine/Content/EditorSounds/Notifications/CompileStart_Cue.uasset" 200
"../../../Engine/Content/EditorSounds/Notifications/CompileSuccess_Cue.uasset" 201
"../../../Engine/Content/EngineDamageTypes/DmgTypeBP_Environmental.uasset" 202
"../../../Engine/Content/EngineDebugMaterials/HeatmapGradient.uasset" 203
"../../../Engine/Content/EngineDebugMaterials/BoneWeightMaterial.uasset" 204
"../../../Engine/Content/EngineDebugMaterials/ClothMaterial.uasset" 205
"../../../Engine/Content/EngineDebugMaterials/ClothMaterial_WF.uasset" 206
"../../../Engine/Content/EngineDebugMaterials/DebugEditorMaterial.uasset" 207
"../../../Engine/Content/EngineDebugMaterials/DebugMeshMaterial.uasset" 208
"../../../Engine/Content/EngineDebugMaterials/GeomMaterial.uasset" 209
"../../../Engine/Content/EngineDebugMaterials/LevelColorationLitMaterial.uasset" 210
"../../../Engine/Content/EngineDebugMaterials/LevelColorationUnlitMaterial.uasset" 211
"../../../Engine/Content/EngineMaterials/DefaultWhiteGrid.uasset" 212
"../../../Engine/Content/EngineDebugMaterials/MAT_LevelColorationLitLightmapUV.uasset" 213
"../../../Engine/Content/EngineDebugMaterials/M_SimpleTranslucent.uasset" 214
"../../../Engine/Content/Functions/Engine_MaterialFunctions02/Utility/CameraDirectionVector.uasset" 215
"../../../Engine/Content/EngineDebugMaterials/VolumeToRender.uasset" 216
"../../../Engine/Content/EngineDebugMaterials/M_VolumeRenderSphereTracePP.uasset" 217
"../../../Engine/Content/EngineDebugMaterials/ShadedLevelColorationLitMaterial.uasset" 218
"../../../Engine/Content/EngineDebugMaterials/ShadedLevelColorationUnlitMateri.uasset" 219
"../../../Engine/Content/EngineDebugMaterials/VertexColorMaterial.uasset" 220
"../../../Engine/Content/EngineDebugMaterials/VertexColorViewMode_AlphaAsColor.uasset" 221
"../../../Engine/Content/EngineDebugMaterials/VertexColorViewMode_BlueOnly.uasset" 222
"../../../Engine/Content/EngineDebugMaterials/VertexColorViewMode_ColorOnly.uasset" 223
"../../../Engine/Content/EngineDebugMaterials/VertexColorViewMode_GreenOnly.uasset" 224
"../../../Engine/Content/EngineDebugMaterials/VertexColorViewMode_RedOnly.uasset" 225
"../../../Engine/Content/EngineDebugMaterials/WireframeMaterial.uasset" 226
"../../../Engine/Content/EngineFonts/Faces/DroidSansFallback.uasset" 227
"../../../Engine/Content/EngineFonts/Faces/RobotoBold.uasset" 228
"../../../Engine/Content/EngineFonts/Faces/RobotoBoldItalic.uasset" 229
"../../../Engine/Content/EngineFonts/Faces/RobotoItalic.uasset" 230
"../../../Engine/Content/EngineFonts/Faces/RobotoLight.uasset" 231
"../../../Engine/Content/EngineFonts/Faces/RobotoRegular.uasset" 232
"../../../Engine/Content/EngineFonts/Roboto.uasset" 233
"../../../Engine/Content/EngineFonts/Faces/RobotoTiny.uasset" 234
"../../../Engine/Content/EngineFonts/RobotoTiny.uasset" 235
"../../../Engine/Content/EngineFonts/SmallFont.uasset" 236
"../../../Engine/Content/EngineFonts/TinyFont.uasset" 237
"../../../Engine/Content/EngineMaterials/BaseFlattenDiffuseMap.uasset" 238
"../../../Engine/Content/EngineMaterials/BaseFlattenEmissiveMap.uasset" 239
"../../../Engine/Content/EngineMaterials/BaseFlattenGrayscaleMap.uasset" 240
"../../../Engine/Content/EngineMaterials/BaseFlattenNormalMap.uasset" 241
"../../../Engine/Content/EngineMaterials/BaseFlattenMaterial.uasset" 242
"../../../Engine/Content/EngineResources/WhiteSquareTexture.uasset" 243
"../../../Engine/Content/EngineMaterials/BlinkingCaret.uasset" 244
"../../../Engine/Content/EngineMaterials/BlueNoise.uasset" 245
"../../../Engine/Content/EngineMaterials/DefaultBloomKernel.uasset" 246
"../../../Engine/Content/EngineMaterials/DefaultBokeh.uasset" 247
"../../../Engine/Content/EngineMaterials/DefaultDeferredDecalMaterial.uasset" 248
"../../../Engine/Content/EngineMaterials/DefaultLightFunctionMaterial.uasset" 249
"../../../Engine/Content/EngineMaterials/DefaultNormal.uasset" 250
"../../../Engine/Content/EngineMaterials/DefaultPostProcessMaterial.uasset" 251
"../../../Engine/Content/EngineFonts/RobotoDistanceField.uasset" 252
"../../../Engine/Content/EngineMaterials/DefaultTextMaterialOpaque.uasset" 253
"../../../Engine/Content/EngineMaterials/DefaultVirtualTextureMaterial.uasset" 254
"../../../Engine/Content/EngineMaterials/EditorBrushMaterial.uasset" 255
"../../../Engine/Content/EngineMaterials/DefaultWhiteGrid_Low.uasset" 256
"../../../Engine/Content/EngineMaterials/EmissiveMeshMaterial.uasset" 257
"../../../Engine/Content/EngineMaterials/GizmoMaterial.uasset" 258
"../../../Engine/Content/EngineMaterials/Good64x64TilingNoiseHighFreq.uasset" 259
"../../../Engine/Content/EngineMaterials/Grid_N.uasset" 260
"../../../Engine/Content/EngineMaterials/HairColorMap.uasset" 261
"../../../Engine/Content/EngineMaterials/HairDebugColor.uasset" 262
"../../../Engine/Content/EngineMaterials/HairDebugMaterial.uasset" 263
"../../../Engine/Content/EngineMaterials/HairDefaultMaterial.uasset" 264
"../../../Engine/Content/EngineMaterials/HighResolutionScreenshotMaskFunction.uasset" 265
"../../../Engine/Content/EngineMaterials/HighResScreenshot.uasset" 266
"../../../Engine/Content/EngineMaterials/HighResScreenshotCaptureRegion.uasset" 267
"../../../Engine/Content/EngineMaterials/HighResScreenshotMask.uasset" 268
"../../../Engine/Content/EngineMaterials/LandscapeHolePhysicalMaterial.uasset" 269
"../../../Engine/Content/EngineMaterials/InvalidLightmapSettings.uasset" 270
"../../../Engine/Content/EngineMaterials/M_InvalidLightmapSettings.uasset" 271
"../../../Engine/Content/EngineMaterials/PaperDiffuse.uasset" 272
"../../../Engine/Content/EngineMaterials/PaperNormal.uasset" 273
"../../../Engine/Content/Functions/Engine_MaterialFunctions02/WorldPositionOffset/CameraOffset.uasset" 274
"../../../Engine/Content/EngineMaterials/PhAT_JointLimitMaterial.uasset" 275
"../../../Engine/Content/EngineMaterials/PhysMat_Rubber.uasset" 276
"../../../Engine/Content/EngineMaterials/PreintegratedSkinBRDF.uasset" 277
"../../../Engine/Content/EngineMaterials/RemoveSurfaceMaterial.uasset" 278
"../../../Engine/Content/EngineMaterials/WeightMapPlaceholderTexture.uasset" 279
"../../../Engine/Content/Functions/Engine_MaterialFunctions01/ImageAdjustment/sRGBToLinear.uasset" 280
"../../../Engine/Content/Functions/Engine_MaterialFunctions02/Utility/BreakOutFloat3Components.uasset" 281
"../../../Engine/Content/EngineMaterials/Widget3DCameraPassThrough_Opaque_OneSided.uasset" 282
"../../../Engine/Content/EngineMaterials/Widget3DPassThrough.uasset" 283
"../../../Engine/Content/EngineMaterials/Widget3DPassThrough_Masked.uasset" 284
"../../../Engine/Content/EngineMaterials/Widget3DPassThrough_Opaque.uasset" 285
"../../../Engine/Content/EngineMaterials/Widget3DPassThrough_Masked_OneSided.uasset" 286
"../../../Engine/Content/EngineMaterials/Widget3DPassThrough_Opaque_OneSided.uasset" 287
"../../../Engine/Content/EngineMaterials/Widget3DPassThrough_Translucent.uasset" 288
"../../../Engine/Content/EngineMaterials/Widget3DPassThrough_Translucent_OneSided.uasset" 289
"../../../Engine/Content/EngineMeshes/Cylinder.uasset" 290
"../../../Engine/Content/EngineMeshes/Sphere.uasset" 291
"../../../Engine/Content/EngineResources/Black.uasset" 292
"../../../Engine/Content/EngineResources/DefaultTexture.uasset" 293
"../../../Engine/Content/EngineResources/DefaultTextureCube.uasset" 294
"../../../Engine/Content/EngineResources/DefaultVolumeTexture2D.uasset" 295
"../../../Engine/Content/EngineResources/DefaultVolumeTexture.uasset" 296
"../../../Engine/Content/EngineResources/GradientTexture0.uasset" 297
"../../../Engine/Content/EngineResources/StreamingPauseIcon.uasset" 298
"../../../Engine/Content/EngineResources/M_StreamingPause.uasset" 299
"../../../Engine/Content/EngineSounds/Master.uasset" 300
"../../../Engine/Content/Functions/Engine_MaterialFunctions01/Shading/PowerToRoughness.uasset" 301
"../../../Engine/Content/Maps/Templates/Thumbnails/Default.uasset" 302
"../../../Engine/Content/Maps/Templates/Thumbnails/TimeOfDay.uasset" 303
"../../../Engine/Content/Maps/Templates/Thumbnails/VR-Basic.uasset" 304
"../../../Engine/Content/MapTemplates/Sky/DaylightAmbientCubemap.uasset" 305
"../../../Engine/Content/MobileResources/T_MobileControls_texture.uasset" 306
"../../../Engine/Content/MobileResources/T_MobileMenu2.uasset" 307
"../../../Engine/Content/MobileResources/HUD/AnalogHat.uasset" 308
"../../../Engine/Content/MobileResources/HUD/VirtualJoystick_Background.uasset" 309
"../../../Engine/Content/MobileResources/HUD/VirtualJoystick_Thumb.uasset" 310
"../../../Engine/Content/MobileResources/HUD/DefaultVirtualJoysticks.uasset" 311
"../../../Engine/Content/MobileResources/HUD/LeftVirtualJoystickOnly.uasset" 312
"../../../Engine/Content/MobileResources/HUD/MobileHUDButton1_off.uasset" 313
"../../../Engine/Content/MobileResources/HUD/MobileHUDButton1_on.uasset" 314
"../../../Engine/Content/MobileResources/HUD/MobileHUDButton2_off.uasset" 315
"../../../Engine/Content/MobileResources/HUD/MobileHUDButton2_on.uasset" 316
"../../../Engine/Content/MobileResources/HUD/MobileHUDButton3.uasset" 317
"../../../Engine/Content/MobileResources/HUD/MobileHUDButtonFire.uasset" 318
"../../../Engine/Content/MobileResources/HUD/MobileHUDDirectionPad.uasset" 319
"../../../Engine/Content/MobileResources/HUD/MobileHUDDirectionPad2.uasset" 320
"../../../Engine/Content/MobileResources/HUD/MobileHUDDirectionPad3.uasset" 321
"../../../Engine/Content/MobileResources/HUD/MobileHUDDirectionStick.uasset" 322
"../../../Engine/Content/MobileResources/HUD/T_Castle_ThumbstickInner.uasset" 323
"../../../Engine/Content/MobileResources/HUD/T_Castle_ThumbstickOutter.uasset" 324
"../../../Engine/Content/Tutorial/ContentIntroCurve.uasset" 325
"../../../Engine/Content/Tutorial/Basics/LevelEditorAttract.uasset" 326
"../../../Engine/Content/Tutorial/Basics/TutorialAssets/icon_tab_Levels_40x.uasset" 327
"../../../Engine/Content/Tutorial/Basics/LevelEditorOverview.uasset" 328
"../../../Engine/Content/Tutorial/BlueprintTutorials/TutorialAssets/Blueprint_64x.uasset" 329
"../../../Engine/Content/Tutorial/BlueprintTutorials/BlueprintEditorTutorial.uasset" 330
"../../../Engine/Content/Tutorial/BlueprintTutorials/LevelBlueprintEditorOverview.uasset" 331
"../../../Engine/Content/Tutorial/BlueprintTutorials/TutorialAssets/Tutorial_BP_MacroLib.uasset" 332
"../../../Engine/Content/Tutorial/Landscape/TutorialAssets/Landscape.uasset" 333
"../../../Engine/Content/Tutorial/Landscape/LandscapeWalkThrough.uasset" 334
"../../../Engine/Content/Tutorial/Landscape/Landscape_Manage_Mode.uasset" 335
"../../../Engine/Content/Tutorial/Landscape/Landscape_Painting_Mode.uasset" 336
"../../../Engine/Content/Tutorial/Landscape/Landscape_Sculpt_Mode.uasset" 337
"../../../Engine/Content/VREditor/LaserPointer/VR_LaserPower_01.uasset" 338
"../../../Engine/Content/VREditor/TransformGizmo/TransformGizmoMaterial.uasset" 339
"../../../Engine/Content/VREditor/TransformGizmo/TranslucentTransformGizmoMaterial.uasset" 340
"../../../Engine/Content/VREditor/TransformGizmo/BoundingBoxCorner.uasset" 341
"../../../Engine/Content/VREditor/TransformGizmo/BoundingBoxEdge.uasset" 342
"../../../Engine/Content/VREditor/TransformGizmo/PlaneTranslationHandle.uasset" 343
"../../../Engine/Content/VREditor/TransformGizmo/Main.uasset" 344
"../../../Engine/Content/VREditor/TransformGizmo/Xray.uasset" 345
"../../../Engine/Content/VREditor/TransformGizmo/SM_Sequencer_Key.uasset" 346
"../../../Engine/Content/VREditor/TransformGizmo/SM_Sequencer_Node.uasset" 347
"../../../Engine/Content/Animation/DefaultAnimCurveCompressionSettings.uasset" 348
"../../../Engine/Content/ArtTools/RenderToTexture/Enums/RenderToTexture_Enum.uasset" 349
"../../../Engine/Content/ArtTools/RenderToTexture/Enums/RenderToTexture_Flipbook_Enum.uasset" 350
"../../../Engine/Content/ArtTools/RenderToTexture/Enums/RenderToTexture_Imposter_Enum.uasset" 351
"../../../Engine/Content/ArtTools/RenderToTexture/Enums/EIntTypes.uasset" 352
"../../../Engine/Content/ArtTools/RenderToTexture/Macros/RenderToTextureFunctionLibrary.uasset" 353
"../../../Engine/Content/ArtTools/RenderToTexture/Enums/EFloatTypes.uasset" 354
"../../../Engine/Content/ArtTools/RenderToTexture/Macros/RenderToTextureMacros.uasset" 355
"../../Plugins/2D/Paper2D/Content/PlaceholderTextures/DummySpriteTexture.uasset" 356
"../../Plugins/2D/Paper2D/Content/DummySprite.uasset" 357
"../../Plugins/2D/Paper2D/Content/DefaultPaperTerrainMaterial.uasset" 358
"../../Plugins/2D/Paper2D/Content/DefaultSpriteMaterial.uasset" 359
"../../Plugins/2D/Paper2D/Content/MaskedUnlitSpriteMaterial.uasset" 360
"../../Plugins/2D/Paper2D/Content/OpaqueUnlitSpriteMaterial.uasset" 361
"../../Plugins/Enterprise/DatasmithContent/Content/Blueprints/FBXImporter/FBXImporterUtils.uasset" 362
"../../../Engine/Content/Functions/Engine_MaterialFunctions02/Utility/BreakOutFloat4Components.uasset" 363
"../../Plugins/Runtime/Oculus/OculusVR/Content/Materials/OculusMR_ChromaKey.uasset" 364
"../../Plugins/Runtime/Oculus/OculusVR/Content/Materials/OculusMR_ChromaKey_Lit.uasset" 365
"../../Plugins/Runtime/Oculus/OculusVR/Content/Materials/OculusMR_OpaqueColoredMaterial.uasset" 366
"../../Plugins/Runtime/Oculus/OculusVR/Content/Materials/OculusMR_WhiteMaterial.uasset" 367
"../../../Engine/Content/Maps/Entry_BuiltData.uasset" 368
"../../../Engine/Content/Maps/Entry.umap" 369
"../../../../TowerDefense/Content/GoodSky/Source/Data/Curve/Curve_GoodSky_Stars.uasset" 370
"../../../../TowerDefense/Content/GoodSky/Source/Data/Curve/Curve_GoodSky_SunLight.uasset" 371
"../../../../TowerDefense/Content/GoodSky/Source/Data/Curve/Curve_GoodSky_AllOverlayColor.uasset" 372
"../../../../TowerDefense/Content/GoodSky/Source/Data/Curve/Curve_GoodSky_BaseCloudColor.uasset" 373
"../../../../TowerDefense/Content/GoodSky/Source/Data/Curve/Curve_GoodSky_DomeColor.uasset" 374
"../../../../TowerDefense/Content/GoodSky/Source/Data/Curve/Curve_GoodSky_horizon_Color.uasset" 375
"../../../../TowerDefense/Content/GoodSky/Source/Data/Curve/Curve_GoodSky_SunDirection_Vector.uasset" 376
"../../../../TowerDefense/Content/GoodSky/Source/Data/Structure/Structure_GoodSky.uasset" 377
"../../../../TowerDefense/Content/GoodSky/Source/Data/DataTable/DataTable_GoodSky.uasset" 378
"../../../../TowerDefense/Content/GoodSky/Source/ArrowTool/T_GoodSky_SkyRing.uasset" 379
"../../../../TowerDefense/Content/GoodSky/Source/ArrowTool/M_GoodSky_SkyRing_.uasset" 380
"../../../../TowerDefense/Content/GoodSky/Source/ArrowTool/M_GoodSky_Sun_Emissive.uasset" 381
"../../../Engine/Content/Functions/Engine_MaterialFunctions01/Gradient/LinearGradient.uasset" 382
"../../../../TowerDefense/Content/GoodSky/Source/Materials/Material_Function/MF_GoodSky_SkyDomeAlpha.uasset" 383
"../../../../TowerDefense/Content/GoodSky/Source/Materials/Material_Function/MF_GoodSky_Time.uasset" 384
"../../../../TowerDefense/Content/GoodSky/Source/Textures/T_GoodSky_clouds_A.uasset" 385
"../../../../TowerDefense/Content/GoodSky/Source/Textures/T_GoodSky_clouds_B.uasset" 386
"../../../../TowerDefense/Content/GoodSky/Source/Textures/T_GoodSky_clouds_F.uasset" 387
"../../../../TowerDefense/Content/GoodSky/Source/Textures/T_GoodSky_clouds_sphere.uasset" 388
"../../../../TowerDefense/Content/GoodSky/Source/Materials/M_GoodSky_Base.uasset" 389
"../../../Engine/Content/Functions/Engine_MaterialFunctions01/Density/ExponentialDensity.uasset" 390
"../../../Engine/Content/Functions/Engine_MaterialFunctions01/Gradient/RadialGradientExponential.uasset" 391
"../../../Engine/Content/Functions/Engine_MaterialFunctions01/Texturing/ScaleUVsAroundPoint.uasset" 392
"../../../../TowerDefense/Content/GoodSky/Source/Textures/T_GoodSky_Moon.uasset" 393
"../../../../TowerDefense/Content/GoodSky/Source/Materials/M_GoodSky_Moon.uasset" 394
"../../../Engine/Content/Functions/Engine_MaterialFunctions02/Utility/DebugFloat3Values.uasset" 395
"../../../Engine/Content/Functions/Engine_MaterialFunctions02/Math/RGBtoHSV.uasset" 396
"../../../Engine/Content/Functions/Engine_MaterialFunctions02/Utility/DebugFloat4Values.uasset" 397
"../../../../TowerDefense/Content/GoodSky/Source/Textures/T_GoodSky_noise_smooth.uasset" 398
"../../../../TowerDefense/Content/GoodSky/Source/Materials/Material_Function/MF_GoodSky_LightningFlick.uasset" 399
"../../../../TowerDefense/Content/GoodSky/Source/Textures/T_GoodSky_Lightning.uasset" 400
"../../../../TowerDefense/Content/GoodSky/Source/Materials/M_GoodSky_Storm.uasset" 401
"../../../../TowerDefense/Content/GoodSky/Source/Textures/T_GoodSky_Stars.uasset" 402
"../../../../TowerDefense/Content/GoodSky/Source/Materials/M_GoodSky_Sun_Stars.uasset" 403
"../../../Engine/Content/BasicShapes/Plane.uasset" 404
"../../../Engine/Content/BasicShapes/Sphere.uasset" 405
"../../../../TowerDefense/Content/GoodSky/Source/ArrowTool/SM_GoodSky_StarMesh.uasset" 406
"../../../../TowerDefense/Content/GoodSky/Source/Data/Enum/Enum_GoodSky_Clouds_Coverage.uasset" 407
"../../../../TowerDefense/Content/GoodSky/Source/Data/Enum/Enum_GoodSky_Effects.uasset" 408
"../../../../TowerDefense/Content/GoodSky/Source/Data/Enum/Enum_GoodSky_MeshType.uasset" 409
"../../../../TowerDefense/Content/GoodSky/Source/Data/Enum/Enum_GoodSky_Preset.uasset" 410
"../../../../TowerDefense/Content/GoodSky/Source/Data/Enum/Enum_GoodSky_Style_Clouds.uasset" 411
"../../../../TowerDefense/Content/GoodSky/Source/Mesh/SM_GoodSky_Hemisphere.uasset" 412
"../../../../TowerDefense/Content/GoodSky/Source/Mesh/SM_GoodSky_Sphere.uasset" 413
"../../../../TowerDefense/Content/GoodSky/Source/Textures/T_GoodSky_clouds_C.uasset" 414
"../../../../TowerDefense/Content/GoodSky/Source/Textures/T_GoodSky_clouds_D.uasset" 415
"../../../../TowerDefense/Content/GoodSky/Source/Textures/T_GoodSky_clouds_E.uasset" 416
"../../../../TowerDefense/Content/GoodSky/Blueprint/BP_GoodSky.uasset" 417
"../../../../TowerDefense/Content/Maps/Interfaz/HUD_BarraVida.uasset" 418
"../../../../TowerDefense/Content/TowerDefense/Blueprint/TowerDefenseEntity.uasset" 419
"../../../../TowerDefense/Content/EnvironmentPack2/Textures/T_Asia_Floor01_D.uasset" 420
"../../../../TowerDefense/Content/EnvironmentPack2/Textures/T_Asia_Floor01_N.uasset" 421
"../../../../TowerDefense/Content/EnvironmentPack2/Materials/M_Asia_Floor01.uasset" 422
"../../../../TowerDefense/Content/EnvironmentPack2/Textures/T_Asia_Roof01_D.uasset" 423
"../../../../TowerDefense/Content/EnvironmentPack2/Textures/T_Asia_Roof01_N.uasset" 424
"../../../../TowerDefense/Content/EnvironmentPack2/Materials/M_Asia_Roof01.uasset" 425
"../../../../TowerDefense/Content/EnvironmentPack2/Textures/T_Asia_Roof02_D.uasset" 426
"../../../../TowerDefense/Content/EnvironmentPack2/Textures/T_Asia_Roof02_N.uasset" 427
"../../../../TowerDefense/Content/EnvironmentPack2/Materials/M_Asia_Roof02.uasset" 428
"../../../../TowerDefense/Content/EnvironmentPack2/Textures/T_Asia_Stair01_D.uasset" 429
"../../../../TowerDefense/Content/EnvironmentPack2/Textures/T_Asia_Stair01_N.uasset" 430
"../../../../TowerDefense/Content/EnvironmentPack2/Materials/M_Asia_Stair01.uasset" 431
"../../../../TowerDefense/Content/EnvironmentPack2/Textures/T_Asia_Wall02_D.uasset" 432
"../../../../TowerDefense/Content/EnvironmentPack2/Textures/T_Asia_Wall02_N.uasset" 433
"../../../../TowerDefense/Content/EnvironmentPack2/Materials/M_Asia_Wall02.uasset" 434
"../../../../TowerDefense/Content/EnvironmentPack2/Textures/T_Asia_Wall03_D.uasset" 435
"../../../../TowerDefense/Content/EnvironmentPack2/Textures/T_Asia_Wall03_N.uasset" 436
"../../../../TowerDefense/Content/EnvironmentPack2/Materials/M_Asia_Wall03.uasset" 437
"../../../../TowerDefense/Content/EnvironmentPack2/Textures/T_Asia_Wall04_D.uasset" 438
"../../../../TowerDefense/Content/EnvironmentPack2/Textures/T_Asia_Wall04_N.uasset" 439
"../../../../TowerDefense/Content/EnvironmentPack2/Materials/M_Asia_Wall04.uasset" 440
"../../../../TowerDefense/Content/EnvironmentPack2/Meshes/SM_AsianCastle_B.uasset" 441
"../../../../TowerDefense/Content/TowerDefense/Blueprint/Base.uasset" 442
"../../../../TowerDefense/Content/Spider/Spider_3_Skeleton.uasset" 443
"../../../../TowerDefense/Content/Spider/Spider_3_Anim_Spider_Armature_Attack.uasset" 444
"../../../../TowerDefense/Content/Spider/Spider_3_Anim_Spider_Armature_die.uasset" 445
"../../../../TowerDefense/Content/Spider/Spider_3_Anim_Spider_Armature_normal.uasset" 446
"../../../../TowerDefense/Content/Spider/Spider_3_Anim_Spider_Armature_run_ani_vor.uasset" 447
"../../../../TowerDefense/Content/TowerDefense/Blueprint/SplineShape.uasset" 448
"../../../../TowerDefense/Content/TowerDefense/Blueprint/TowerDefense.uasset" 449
"../../../../TowerDefense/Content/Spider/haar_detail_NRM.uasset" 450
"../../../../TowerDefense/Content/Spider/Spinnen_Bein_tex_2.uasset" 451
"../../../../TowerDefense/Content/Spider/Spider.uasset" 452
"../../../../TowerDefense/Content/Spider/Spider_Eye.uasset" 453
"../../../../TowerDefense/Content/Spider/SH3.uasset" 454
"../../../../TowerDefense/Content/Spider/Spider_Fur.uasset" 455
"../../../../TowerDefense/Content/Spider/Spider_teeth.uasset" 456
"../../../../TowerDefense/Content/Spider/Spider_3_PhysicsAsset.uasset" 457
"../../../../TowerDefense/Content/Spider/Spider_3.uasset" 458
"../../../../TowerDefense/Content/TowerDefense/Blueprint/BugState.uasset" 459
"../../../../TowerDefense/Content/TowerDefense/Blueprint/Bug.uasset" 460
"../../../../TowerDefense/Content/TowerDefense/Blueprint/BugSpawn.uasset" 461
"../../../../TowerDefense/Content/Terreno/Materials/color_gris.uasset" 462
"../../../../TowerDefense/Content/Terreno/Materials/color_naranja.uasset" 463
"../../../../TowerDefense/Content/Terreno/Materials/color_rojo.uasset" 464
"../../../../TowerDefense/Content/Terreno/Materials/color_verde.uasset" 465
"../../../../TowerDefense/Content/StarterContent/Props/MaterialSphere.uasset" 466
"../../../../TowerDefense/Content/TowerDefense/Blueprint/bullet.uasset" 467
"../../../Engine/Content/BasicShapes/BasicShapeMaterial.uasset" 468
"../../../Engine/Content/BasicShapes/Cylinder.uasset" 469
"../../../../TowerDefense/Content/TowerDefense/Blueprint/TowerClass.uasset" 470
"../../../../TowerDefense/Content/TowerDefense/Blueprint/Tower1.uasset" 471
"../../../../TowerDefense/Content/TowerDefense/Blueprint/Tower2.uasset" 472
"../../../../TowerDefense/Content/TowerDefense/Blueprint/Tower3.uasset" 473
"../../../../TowerDefense/Content/TowerDefense/Blueprint/TowerEnergy.uasset" 474
"../../../../TowerDefense/Content/Maps/Interfaz/HUD_SelectorTorre.uasset" 475
"../../../../TowerDefense/Content/StarterContent/Materials/M_Basic_Floor.uasset" 476
"../../../../TowerDefense/Content/StarterContent/Architecture/Floor_400x400.uasset" 477
"../../../../TowerDefense/Content/TowerDefense/Blueprint/TowerSpawn.uasset" 478
"../../../../TowerDefense/Content/Maps/Interfaz/UI/finPartida.uasset" 479
"../../../../TowerDefense/Content/StarterContent/Maps/Minimal_Default_sharedassets/Camino_empedrado_LayerInfo.uasset" 480
"../../../../TowerDefense/Content/StarterContent/Maps/Minimal_Default_sharedassets/Camino_grava_LayerInfo.uasset" 481
"../../../../TowerDefense/Content/StarterContent/Maps/Minimal_Default_sharedassets/Camino_tierra_LayerInfo.uasset" 482
"../../../../TowerDefense/Content/StarterContent/Maps/Minimal_Default_sharedassets/Hierba_LayerInfo.uasset" 483
"../../../../TowerDefense/Content/Maps/Nivel1_BuiltData.uasset" 484
"../../../../TowerDefense/Content/Terreno/Textures/cracked_dry_ground.uasset" 485
"../../../../TowerDefense/Content/Terreno/Textures/fina-grava-marron-camino-tierra.uasset" 486
"../../../../TowerDefense/Content/Terreno/Textures/grass.uasset" 487
"../../../../TowerDefense/Content/Terreno/Textures/gravel-road-texture.uasset" 488
"../../../../TowerDefense/Content/Terreno/Textures/ladrillo-camino-pequenos-ladrillos-grises.uasset" 489
"../../../../TowerDefense/Content/Terreno/Textures/liquid_magma.uasset" 490
"../../../../TowerDefense/Content/Terreno/Textures/snow_base.uasset" 491
"../../../../TowerDefense/Content/Terreno/Textures/snow_rock.uasset" 492
"../../../../TowerDefense/Content/Terreno/Textures/solid_magma.uasset" 493
"../../../../TowerDefense/Content/Terreno/Materials/color_terreno.uasset" 494
"../../../Engine/Content/Functions/Engine_MaterialFunctions02/WorldPositionOffset/Wind.uasset" 495
"../../../../TowerDefense/Content/VegetationPack/Textures/Placeholder/tex_diffuse.uasset" 496
"../../../../TowerDefense/Content/VegetationPack/Textures/Placeholder/tex_normal.uasset" 497
"../../../../TowerDefense/Content/VegetationPack/VegetationMaterial/Master_Material/M_bark.uasset" 498
"../../../../TowerDefense/Content/VegetationPack/Textures/Trees/tex_birchbark_diff.uasset" 499
"../../../../TowerDefense/Content/VegetationPack/Textures/Trees/tex_birchbark_n.uasset" 500
"../../../../TowerDefense/Content/VegetationPack/VegetationMaterial/Child_Material/M_birchbark_Inst.uasset" 501
"../../../Engine/Content/ArtTools/RenderToTexture/MaterialFunctions/FlipbookWind.uasset" 502
"../../../../TowerDefense/Content/VegetationPack/VegetationMaterial/Master_Material/M_tree_basic.uasset" 503
"../../../../TowerDefense/Content/VegetationPack/Textures/Trees/tex_leaves_diff.uasset" 504
"../../../../TowerDefense/Content/VegetationPack/VegetationMaterial/Child_Material/M_tree_basic_Inst.uasset" 505
"../../../../TowerDefense/Content/VegetationPack/VegetationMeshes/Trees/SM_tree1.uasset" 506
"../../../../TowerDefense/Content/Maps/Nivel1.umap" 507
"../../../../TowerDefense/Content/Maps/Interfaz/Menu_Principal.umap" 508
